<?xml version="1.0" encoding="UTF-8"?>
<!-- Generated by org.testng.reporters.JUnitXMLReporter -->
<testsuite ignored="4" hostname="FFE-Raju-R" failures="3" tests="3" name="Test" time="36.991" errors="0" timestamp="2026-08-11T13:12:36 IST">
  <testcase classname="SignIn.signIn" name="signingIn" time="5.53">
    <failure type="org.openqa.selenium.ElementClickInterceptedException" message="element click intercepted: Element &amp;lt;button type=&amp;quot;submit&amp;quot; class=&amp;quot;ff-button ff-button--small ff-button--primary&amp;quot; aria-label=&amp;quot;Button&amp;quot; aria-disabled=&amp;quot;false&amp;quot; style=&amp;quot;width: 175px; height: 28px;&amp;quot;&amp;gt;...&amp;lt;/button&amp;gt; is not clickable at point (960, 373). Other element would receive the click: &amp;lt;div id=&amp;quot;loader&amp;quot; style=&amp;quot;display: flex;&amp;quot;&amp;gt;...&amp;lt;/div&amp;gt;
  (Session info: chrome=151.0.7922.72)
Build info: version: &amp;apos;4.29.0&amp;apos;, revision: &amp;apos;5fc1ec94cb&amp;apos;
System info: os.name: &amp;apos;Windows 11&amp;apos;, os.arch: &amp;apos;amd64&amp;apos;, os.version: &amp;apos;10.0&amp;apos;, java.version: &amp;apos;21.0.7&amp;apos;
Driver info: org.openqa.selenium.chrome.ChromeDriver
Command: [5f83e9e5066e7ac621fb0032b29276b0, clickElement {id=f.68895DF6170F2ED58714B96826B073DF.d.FBACB8DB40FB6BDF0DBF69820CB2D1AF.e.12}]
Capabilities {acceptInsecureCerts: false, browserName: chrome, browserVersion: 151.0.7922.72, chrome: {chromedriverVersion: 151.0.7922.77 (ff37cfca2101..., userDataDir: C:\Users\User\AppData\Local...}, fedcm:accounts: true, goog:chromeOptions: {debuggerAddress: localhost:63723}, goog:processID: 70716, networkConnectionEnabled: false, pageLoadStrategy: normal, platformName: windows, proxy: Proxy(), se:cdp: ws://localhost:63723/devtoo..., se:cdpVersion: 151.0.7922.72, setWindowRect: true, strictFileInteractability: false, timeouts: {implicit: 0, pageLoad: 300000, script: 30000}, unhandledPromptBehavior: dismiss and notify, webauthn:extension:credBlob: true, webauthn:extension:largeBlob: true, webauthn:extension:minPinLength: true, webauthn:extension:prf: true, webauthn:virtualAuthenticators: true}
Element: [[ChromeDriver: chrome on windows (5f83e9e5066e7ac621fb0032b29276b0)] -&amp;gt; xpath: //button[@type=&amp;apos;submit&amp;apos;]]
Session ID: 5f83e9e5066e7ac621fb0032b29276b0">
      <![CDATA[org.openqa.selenium.ElementClickInterceptedException: element click intercepted: Element <button type="submit" class="ff-button ff-button--small ff-button--primary" aria-label="Button" aria-disabled="false" style="width: 175px; height: 28px;">...</button> is not clickable at point (960, 373). Other element would receive the click: <div id="loader" style="display: flex;">...</div>
  (Session info: chrome=151.0.7922.72)
Build info: version: '4.29.0', revision: '5fc1ec94cb'
System info: os.name: 'Windows 11', os.arch: 'amd64', os.version: '10.0', java.version: '21.0.7'
Driver info: org.openqa.selenium.chrome.ChromeDriver
Command: [5f83e9e5066e7ac621fb0032b29276b0, clickElement {id=f.68895DF6170F2ED58714B96826B073DF.d.FBACB8DB40FB6BDF0DBF69820CB2D1AF.e.12}]
Capabilities {acceptInsecureCerts: false, browserName: chrome, browserVersion: 151.0.7922.72, chrome: {chromedriverVersion: 151.0.7922.77 (ff37cfca2101..., userDataDir: C:\Users\User\AppData\Local...}, fedcm:accounts: true, goog:chromeOptions: {debuggerAddress: localhost:63723}, goog:processID: 70716, networkConnectionEnabled: false, pageLoadStrategy: normal, platformName: windows, proxy: Proxy(), se:cdp: ws://localhost:63723/devtoo..., se:cdpVersion: 151.0.7922.72, setWindowRect: true, strictFileInteractability: false, timeouts: {implicit: 0, pageLoad: 300000, script: 30000}, unhandledPromptBehavior: dismiss and notify, webauthn:extension:credBlob: true, webauthn:extension:largeBlob: true, webauthn:extension:minPinLength: true, webauthn:extension:prf: true, webauthn:virtualAuthenticators: true}
Element: [[ChromeDriver: chrome on windows (5f83e9e5066e7ac621fb0032b29276b0)] -> xpath: //button[@type='submit']]
Session ID: 5f83e9e5066e7ac621fb0032b29276b0
at org.openqa.selenium.remote.ErrorCodec.decode(ErrorCodec.java:167)
at org.openqa.selenium.remote.codec.w3c.W3CHttpResponseCodec.decode(W3CHttpResponseCodec.java:138)
at org.openqa.selenium.remote.codec.w3c.W3CHttpResponseCodec.decode(W3CHttpResponseCodec.java:50)
at org.openqa.selenium.remote.HttpCommandExecutor.execute(HttpCommandExecutor.java:215)
at org.openqa.selenium.remote.service.DriverCommandExecutor.invokeExecute(DriverCommandExecutor.java:216)
at org.openqa.selenium.remote.service.DriverCommandExecutor.execute(DriverCommandExecutor.java:174)
at org.openqa.selenium.remote.RemoteWebDriver.execute(RemoteWebDriver.java:545)
at org.openqa.selenium.remote.RemoteWebElement.execute(RemoteWebElement.java:223)
at org.openqa.selenium.remote.RemoteWebElement.click(RemoteWebElement.java:76)
at org.openqa.selenium.support.pagefactory.internal.LocatingElementHandler.invoke(LocatingElementHandler.java:51)
at jdk.proxy2/jdk.proxy2.$Proxy14.click(Unknown Source)
at SignIn.signIn.signingIn(signIn.java:41)
at java.base/java.util.ArrayList.forEach(ArrayList.java:1596)
... Removed 30 stack frames]]>
    </failure>
  </testcase> <!-- signingIn -->
  <testcase classname="SignIn.licenseChange" name="changeLicenseTo26441" time="5.474">
    <failure type="org.openqa.selenium.ElementClickInterceptedException" message="element click intercepted: Element &amp;lt;button type=&amp;quot;submit&amp;quot; class=&amp;quot;ff-button ff-button--small ff-button--primary&amp;quot; aria-label=&amp;quot;Button&amp;quot; aria-disabled=&amp;quot;false&amp;quot; style=&amp;quot;width: 175px; height: 28px;&amp;quot;&amp;gt;...&amp;lt;/button&amp;gt; is not clickable at point (960, 373). Other element would receive the click: &amp;lt;div id=&amp;quot;loader&amp;quot; style=&amp;quot;display: flex;&amp;quot;&amp;gt;...&amp;lt;/div&amp;gt;
  (Session info: chrome=151.0.7922.72)
Build info: version: &amp;apos;4.29.0&amp;apos;, revision: &amp;apos;5fc1ec94cb&amp;apos;
System info: os.name: &amp;apos;Windows 11&amp;apos;, os.arch: &amp;apos;amd64&amp;apos;, os.version: &amp;apos;10.0&amp;apos;, java.version: &amp;apos;21.0.7&amp;apos;
Driver info: org.openqa.selenium.chrome.ChromeDriver
Command: [12a6ed84d11c666b67e011b36334e713, clickElement {id=f.B3E4F9751C2DA6A57BFA443566D8BBD3.d.E6C25E8EA5C7361077FE70DD640A0DFD.e.12}]
Capabilities {acceptInsecureCerts: false, browserName: chrome, browserVersion: 151.0.7922.72, chrome: {chromedriverVersion: 151.0.7922.77 (ff37cfca2101..., userDataDir: C:\Users\User\AppData\Local...}, fedcm:accounts: true, goog:chromeOptions: {debuggerAddress: localhost:59020}, goog:processID: 1896, networkConnectionEnabled: false, pageLoadStrategy: normal, platformName: windows, proxy: Proxy(), se:cdp: ws://localhost:59020/devtoo..., se:cdpVersion: 151.0.7922.72, setWindowRect: true, strictFileInteractability: false, timeouts: {implicit: 0, pageLoad: 300000, script: 30000}, unhandledPromptBehavior: dismiss and notify, webauthn:extension:credBlob: true, webauthn:extension:largeBlob: true, webauthn:extension:minPinLength: true, webauthn:extension:prf: true, webauthn:virtualAuthenticators: true}
Element: [[ChromeDriver: chrome on windows (12a6ed84d11c666b67e011b36334e713)] -&amp;gt; xpath: //button[@type=&amp;apos;submit&amp;apos;]]
Session ID: 12a6ed84d11c666b67e011b36334e713">
      <![CDATA[org.openqa.selenium.ElementClickInterceptedException: element click intercepted: Element <button type="submit" class="ff-button ff-button--small ff-button--primary" aria-label="Button" aria-disabled="false" style="width: 175px; height: 28px;">...</button> is not clickable at point (960, 373). Other element would receive the click: <div id="loader" style="display: flex;">...</div>
  (Session info: chrome=151.0.7922.72)
Build info: version: '4.29.0', revision: '5fc1ec94cb'
System info: os.name: 'Windows 11', os.arch: 'amd64', os.version: '10.0', java.version: '21.0.7'
Driver info: org.openqa.selenium.chrome.ChromeDriver
Command: [12a6ed84d11c666b67e011b36334e713, clickElement {id=f.B3E4F9751C2DA6A57BFA443566D8BBD3.d.E6C25E8EA5C7361077FE70DD640A0DFD.e.12}]
Capabilities {acceptInsecureCerts: false, browserName: chrome, browserVersion: 151.0.7922.72, chrome: {chromedriverVersion: 151.0.7922.77 (ff37cfca2101..., userDataDir: C:\Users\User\AppData\Local...}, fedcm:accounts: true, goog:chromeOptions: {debuggerAddress: localhost:59020}, goog:processID: 1896, networkConnectionEnabled: false, pageLoadStrategy: normal, platformName: windows, proxy: Proxy(), se:cdp: ws://localhost:59020/devtoo..., se:cdpVersion: 151.0.7922.72, setWindowRect: true, strictFileInteractability: false, timeouts: {implicit: 0, pageLoad: 300000, script: 30000}, unhandledPromptBehavior: dismiss and notify, webauthn:extension:credBlob: true, webauthn:extension:largeBlob: true, webauthn:extension:minPinLength: true, webauthn:extension:prf: true, webauthn:virtualAuthenticators: true}
Element: [[ChromeDriver: chrome on windows (12a6ed84d11c666b67e011b36334e713)] -> xpath: //button[@type='submit']]
Session ID: 12a6ed84d11c666b67e011b36334e713
at org.openqa.selenium.remote.ErrorCodec.decode(ErrorCodec.java:167)
at org.openqa.selenium.remote.codec.w3c.W3CHttpResponseCodec.decode(W3CHttpResponseCodec.java:138)
at org.openqa.selenium.remote.codec.w3c.W3CHttpResponseCodec.decode(W3CHttpResponseCodec.java:50)
at org.openqa.selenium.remote.HttpCommandExecutor.execute(HttpCommandExecutor.java:215)
at org.openqa.selenium.remote.service.DriverCommandExecutor.invokeExecute(DriverCommandExecutor.java:216)
at org.openqa.selenium.remote.service.DriverCommandExecutor.execute(DriverCommandExecutor.java:174)
at org.openqa.selenium.remote.RemoteWebDriver.execute(RemoteWebDriver.java:545)
at org.openqa.selenium.remote.RemoteWebElement.execute(RemoteWebElement.java:223)
at org.openqa.selenium.remote.RemoteWebElement.click(RemoteWebElement.java:76)
at org.openqa.selenium.support.pagefactory.internal.LocatingElementHandler.invoke(LocatingElementHandler.java:51)
at jdk.proxy2/jdk.proxy2.$Proxy14.click(Unknown Source)
at POM.welcomePage.sigInBM(welcomePage.java:59)
at SignIn.licenseChange.changeLicenseTo26441(licenseChange.java:26)
at java.base/java.util.ArrayList.forEach(ArrayList.java:1596)
... Removed 30 stack frames]]>
    </failure>
  </testcase> <!-- changeLicenseTo26441 -->
  <testcase classname="SignIn.projectCreation" name="CreateWebserviceProject" time="5.942">
    <failure type="org.openqa.selenium.ElementClickInterceptedException" message="element click intercepted: Element &amp;lt;button type=&amp;quot;submit&amp;quot; class=&amp;quot;ff-button ff-button--small ff-button--primary&amp;quot; aria-label=&amp;quot;Button&amp;quot; aria-disabled=&amp;quot;false&amp;quot; style=&amp;quot;width: 175px; height: 28px;&amp;quot;&amp;gt;...&amp;lt;/button&amp;gt; is not clickable at point (960, 373). Other element would receive the click: &amp;lt;div id=&amp;quot;loader&amp;quot; style=&amp;quot;display: flex;&amp;quot;&amp;gt;...&amp;lt;/div&amp;gt;
  (Session info: chrome=151.0.7922.72)
Build info: version: &amp;apos;4.29.0&amp;apos;, revision: &amp;apos;5fc1ec94cb&amp;apos;
System info: os.name: &amp;apos;Windows 11&amp;apos;, os.arch: &amp;apos;amd64&amp;apos;, os.version: &amp;apos;10.0&amp;apos;, java.version: &amp;apos;21.0.7&amp;apos;
Driver info: org.openqa.selenium.chrome.ChromeDriver
Command: [d59829af7673971150dcb4f260e0936a, clickElement {id=f.2FEA5C09B9B1B4D9C682B447B4A9D061.d.24B3D037DE5EFE6CF889B629B7185EB5.e.12}]
Capabilities {acceptInsecureCerts: false, browserName: chrome, browserVersion: 151.0.7922.72, chrome: {chromedriverVersion: 151.0.7922.77 (ff37cfca2101..., userDataDir: C:\Users\User\AppData\Local...}, fedcm:accounts: true, goog:chromeOptions: {debuggerAddress: localhost:53318}, goog:processID: 21244, networkConnectionEnabled: false, pageLoadStrategy: normal, platformName: windows, proxy: Proxy(), se:cdp: ws://localhost:53318/devtoo..., se:cdpVersion: 151.0.7922.72, setWindowRect: true, strictFileInteractability: false, timeouts: {implicit: 0, pageLoad: 300000, script: 30000}, unhandledPromptBehavior: dismiss and notify, webauthn:extension:credBlob: true, webauthn:extension:largeBlob: true, webauthn:extension:minPinLength: true, webauthn:extension:prf: true, webauthn:virtualAuthenticators: true}
Element: [[ChromeDriver: chrome on windows (d59829af7673971150dcb4f260e0936a)] -&amp;gt; xpath: //button[@type=&amp;apos;submit&amp;apos;]]
Session ID: d59829af7673971150dcb4f260e0936a">
      <![CDATA[org.openqa.selenium.ElementClickInterceptedException: element click intercepted: Element <button type="submit" class="ff-button ff-button--small ff-button--primary" aria-label="Button" aria-disabled="false" style="width: 175px; height: 28px;">...</button> is not clickable at point (960, 373). Other element would receive the click: <div id="loader" style="display: flex;">...</div>
  (Session info: chrome=151.0.7922.72)
Build info: version: '4.29.0', revision: '5fc1ec94cb'
System info: os.name: 'Windows 11', os.arch: 'amd64', os.version: '10.0', java.version: '21.0.7'
Driver info: org.openqa.selenium.chrome.ChromeDriver
Command: [d59829af7673971150dcb4f260e0936a, clickElement {id=f.2FEA5C09B9B1B4D9C682B447B4A9D061.d.24B3D037DE5EFE6CF889B629B7185EB5.e.12}]
Capabilities {acceptInsecureCerts: false, browserName: chrome, browserVersion: 151.0.7922.72, chrome: {chromedriverVersion: 151.0.7922.77 (ff37cfca2101..., userDataDir: C:\Users\User\AppData\Local...}, fedcm:accounts: true, goog:chromeOptions: {debuggerAddress: localhost:53318}, goog:processID: 21244, networkConnectionEnabled: false, pageLoadStrategy: normal, platformName: windows, proxy: Proxy(), se:cdp: ws://localhost:53318/devtoo..., se:cdpVersion: 151.0.7922.72, setWindowRect: true, strictFileInteractability: false, timeouts: {implicit: 0, pageLoad: 300000, script: 30000}, unhandledPromptBehavior: dismiss and notify, webauthn:extension:credBlob: true, webauthn:extension:largeBlob: true, webauthn:extension:minPinLength: true, webauthn:extension:prf: true, webauthn:virtualAuthenticators: true}
Element: [[ChromeDriver: chrome on windows (d59829af7673971150dcb4f260e0936a)] -> xpath: //button[@type='submit']]
Session ID: d59829af7673971150dcb4f260e0936a
at org.openqa.selenium.remote.ErrorCodec.decode(ErrorCodec.java:167)
at org.openqa.selenium.remote.codec.w3c.W3CHttpResponseCodec.decode(W3CHttpResponseCodec.java:138)
at org.openqa.selenium.remote.codec.w3c.W3CHttpResponseCodec.decode(W3CHttpResponseCodec.java:50)
at org.openqa.selenium.remote.HttpCommandExecutor.execute(HttpCommandExecutor.java:215)
at org.openqa.selenium.remote.service.DriverCommandExecutor.invokeExecute(DriverCommandExecutor.java:216)
at org.openqa.selenium.remote.service.DriverCommandExecutor.execute(DriverCommandExecutor.java:174)
at org.openqa.selenium.remote.RemoteWebDriver.execute(RemoteWebDriver.java:545)
at org.openqa.selenium.remote.RemoteWebElement.execute(RemoteWebElement.java:223)
at org.openqa.selenium.remote.RemoteWebElement.click(RemoteWebElement.java:76)
at org.openqa.selenium.support.pagefactory.internal.LocatingElementHandler.invoke(LocatingElementHandler.java:51)
at jdk.proxy2/jdk.proxy2.$Proxy14.click(Unknown Source)
at POM.welcomePage.sigInBM(welcomePage.java:59)
at SignIn.projectCreation.CreateWebserviceProject(projectCreation.java:38)
at java.base/java.util.ArrayList.forEach(ArrayList.java:1596)
... Removed 30 stack frames]]>
    </failure>
  </testcase> <!-- CreateWebserviceProject -->
  <testcase classname="BaseClass.baseClass" name="@BeforeSuite StartingDBconnection" time="0.0">
    <ignored/>
  </testcase> <!-- @BeforeSuite StartingDBconnection -->
  <testcase classname="BaseClass.baseClass" name="@BeforeSuite StartingDBconnection" time="0.0">
    <ignored/>
  </testcase> <!-- @BeforeSuite StartingDBconnection -->
  <testcase classname="BaseClass.baseClass" name="@AfterSuite ClosingDBconnection" time="0.0">
    <ignored/>
  </testcase> <!-- @AfterSuite ClosingDBconnection -->
  <testcase classname="BaseClass.baseClass" name="@AfterSuite ClosingDBconnection" time="0.0">
    <ignored/>
  </testcase> <!-- @AfterSuite ClosingDBconnection -->
</testsuite> <!-- Test -->
